# JRE version: OpenJDK Runtime Environment (8.0_265-b01) (build 1.8.0_265-8u265-b01-0ubuntu2~16.04-b01)
# Java VM: OpenJDK 64-Bit Server VM (25.265-b01 mixed mode linux-amd64 compressed oops)
Heap:
 PSYoungGen      total 248832K, used 0K [0x00000000eab00000, 0x0000000100000000, 0x0000000100000000)
  eden space 204800K, 0% used [0x00000000eab00000,0x00000000eab00000,0x00000000f7300000)
  from space 44032K, 0% used [0x00000000fd500000,0x00000000fd500000,0x0000000100000000)
  to   space 72192K, 0% used [0x00000000f7300000,0x00000000f7300000,0x00000000fb980000)
 ParOldGen       total 163328K, used 162003K [0x00000000c0000000, 0x00000000c9f80000, 0x00000000eab00000)
  object space 163328K, 99% used [0x00000000c0000000,0x00000000c9e34df8,0x00000000c9f80000)
 Metaspace       used 89104K, capacity 99809K, committed 100480K, reserved 1136640K
  class space    used 12510K, capacity 13539K, committed 13696K, reserved 1048576K
GC Heap History (10 events):
Event: 33.170 GC heap after
Heap after GC invocations=25 (full 4):
 PSYoungGen      total 285696K, used 17904K [0x00000000eab00000, 0x0000000100000000, 0x0000000100000000)
  eden space 267776K, 0% used [0x00000000eab00000,0x00000000eab00000,0x00000000fb080000)
  from space 17920K, 99% used [0x00000000fb080000,0x00000000fc1fc200,0x00000000fc200000)
  to   space 38400K, 0% used [0x00000000fda80000,0x00000000fda80000,0x0000000100000000)
 ParOldGen       total 108544K, used 78574K [0x00000000c0000000, 0x00000000c6a00000, 0x00000000eab00000)
  object space 108544K, 72% used [0x00000000c0000000,0x00000000c4cbbab8,0x00000000c6a00000)
 Metaspace       used 88548K, capacity 99449K, committed 99712K, reserved 1134592K
  class space    used 12481K, capacity 13538K, committed 13696K, reserved 1048576K
}
Event: 33.170 GC heap before
{Heap before GC invocations=26 (full 5):
 PSYoungGen      total 285696K, used 17904K [0x00000000eab00000, 0x0000000100000000, 0x0000000100000000)
  eden space 267776K, 0% used [0x00000000eab00000,0x00000000eab00000,0x00000000fb080000)
  from space 17920K, 99% used [0x00000000fb080000,0x00000000fc1fc200,0x00000000fc200000)
  to   space 38400K, 0% used [0x00000000fda80000,0x00000000fda80000,0x0000000100000000)
 ParOldGen       total 108544K, used 78574K [0x00000000c0000000, 0x00000000c6a00000, 0x00000000eab00000)
  object space 108544K, 72% used [0x00000000c0000000,0x00000000c4cbbab8,0x00000000c6a00000)
 Metaspace       used 88548K, capacity 99449K, committed 99712K, reserved 1134592K
  class space    used 12481K, capacity 13538K, committed 13696K, reserved 1048576K
Event: 33.381 GC heap after
Heap after GC invocations=26 (full 5):
 PSYoungGen      total 285696K, used 0K [0x00000000eab00000, 0x0000000100000000, 0x0000000100000000)
  eden space 267776K, 0% used [0x00000000eab00000,0x00000000eab00000,0x00000000fb080000)
  from space 17920K, 0% used [0x00000000fb080000,0x00000000fb080000,0x00000000fc200000)
  to   space 38400K, 0% used [0x00000000fda80000,0x00000000fda80000,0x0000000100000000)
 ParOldGen       total 163328K, used 73748K [0x00000000c0000000, 0x00000000c9f80000, 0x00000000eab00000)
  object space 163328K, 45% used [0x00000000c0000000,0x00000000c4805288,0x00000000c9f80000)
 Metaspace       used 88121K, capacity 98427K, committed 99712K, reserved 1134592K
  class space    used 12366K, capacity 13347K, committed 13696K, reserved 1048576K
}
Event: 34.315 GC heap before
{Heap before GC invocations=27 (full 5):
 PSYoungGen      total 285696K, used 267776K [0x00000000eab00000, 0x0000000100000000, 0x0000000100000000)
  eden space 267776K, 100% used [0x00000000eab00000,0x00000000fb080000,0x00000000fb080000)
  from space 17920K, 0% used [0x00000000fb080000,0x00000000fb080000,0x00000000fc200000)
  to   space 38400K, 0% used [0x00000000fda80000,0x00000000fda80000,0x0000000100000000)
 ParOldGen       total 163328K, used 73748K [0x00000000c0000000, 0x00000000c9f80000, 0x00000000eab00000)
  object space 163328K, 45% used [0x00000000c0000000,0x00000000c4805288,0x00000000c9f80000)
 Metaspace       used 88822K, capacity 99341K, committed 100224K, reserved 1136640K
  class space    used 12467K, capacity 13471K, committed 13696K, reserved 1048576K
Event: 34.364 GC heap after
Heap after GC invocations=27 (full 5):
 PSYoungGen      total 300544K, used 32441K [0x00000000eab00000, 0x0000000100000000, 0x0000000100000000)
  eden space 262144K, 0% used [0x00000000eab00000,0x00000000eab00000,0x00000000fab00000)
  from space 38400K, 84% used [0x00000000fda80000,0x00000000ffa2e760,0x0000000100000000)
  to   space 43520K, 0% used [0x00000000fab00000,0x00000000fab00000,0x00000000fd580000)
 ParOldGen       total 163328K, used 73756K [0x00000000c0000000, 0x00000000c9f80000, 0x00000000eab00000)
  object space 163328K, 45% used [0x00000000c0000000,0x00000000c4807288,0x00000000c9f80000)
 Metaspace       used 88822K, capacity 99341K, committed 100224K, reserved 1136640K
  class space    used 12467K, capacity 13471K, committed 13696K, reserved 1048576K
}
Event: 35.421 GC heap before
{Heap before GC invocations=28 (full 5):
 PSYoungGen      total 300544K, used 294585K [0x00000000eab00000, 0x0000000100000000, 0x0000000100000000)
  eden space 262144K, 100% used [0x00000000eab00000,0x00000000fab00000,0x00000000fab00000)
  from space 38400K, 84% used [0x00000000fda80000,0x00000000ffa2e760,0x0000000100000000)
  to   space 43520K, 0% used [0x00000000fab00000,0x00000000fab00000,0x00000000fd580000)
 ParOldGen       total 163328K, used 73756K [0x00000000c0000000, 0x00000000c9f80000, 0x00000000eab00000)
  object space 163328K, 45% used [0x00000000c0000000,0x00000000c4807288,0x00000000c9f80000)
 Metaspace       used 89014K, capacity 99761K, committed 100480K, reserved 1136640K
  class space    used 12505K, capacity 13531K, committed 13696K, reserved 1048576K
Event: 35.495 GC heap after
Heap after GC invocations=28 (full 5):
 PSYoungGen      total 305152K, used 42813K [0x00000000eab00000, 0x0000000100000000, 0x0000000100000000)
  eden space 262144K, 0% used [0x00000000eab00000,0x00000000eab00000,0x00000000fab00000)
  from space 43008K, 99% used [0x00000000fab00000,0x00000000fd4cf560,0x00000000fd500000)
  to   space 44032K, 0% used [0x00000000fd500000,0x00000000fd500000,0x0000000100000000)
 ParOldGen       total 163328K, used 96755K [0x00000000c0000000, 0x00000000c9f80000, 0x00000000eab00000)
  object space 163328K, 59% used [0x00000000c0000000,0x00000000c5e7cea0,0x00000000c9f80000)
 Metaspace       used 89014K, capacity 99761K, committed 100480K, reserved 1136640K
  class space    used 12505K, capacity 13531K, committed 13696K, reserved 1048576K
}
Event: 35.928 GC heap before
{Heap before GC invocations=29 (full 5):
 PSYoungGen      total 305152K, used 304957K [0x00000000eab00000, 0x0000000100000000, 0x0000000100000000)
  eden space 262144K, 100% used [0x00000000eab00000,0x00000000fab00000,0x00000000fab00000)
  from space 43008K, 99% used [0x00000000fab00000,0x00000000fd4cf560,0x00000000fd500000)
  to   space 44032K, 0% used [0x00000000fd500000,0x00000000fd500000,0x0000000100000000)
 ParOldGen       total 163328K, used 96755K [0x00000000c0000000, 0x00000000c9f80000, 0x00000000eab00000)
  object space 163328K, 59% used [0x00000000c0000000,0x00000000c5e7cea0,0x00000000c9f80000)
 Metaspace       used 89104K, capacity 99809K, committed 100480K, reserved 1136640K
  class space    used 12510K, capacity 13539K, committed 13696K, reserved 1048576K
Event: 36.028 GC heap after
Heap after GC invocations=29 (full 5):
 PSYoungGen      total 248832K, used 44029K [0x00000000eab00000, 0x0000000100000000, 0x0000000100000000)
  eden space 204800K, 0% used [0x00000000eab00000,0x00000000eab00000,0x00000000f7300000)
  from space 44032K, 99% used [0x00000000fd500000,0x00000000fffff4c0,0x0000000100000000)
  to   space 72192K, 0% used [0x00000000f7300000,0x00000000f7300000,0x00000000fb980000)
 ParOldGen       total 163328K, used 136358K [0x00000000c0000000, 0x00000000c9f80000, 0x00000000eab00000)
  object space 163328K, 83% used [0x00000000c0000000,0x00000000c8529b90,0x00000000c9f80000)
 Metaspace       used 89104K, capacity 99809K, committed 100480K, reserved 1136640K
  class space    used 12510K, capacity 13539K, committed 13696K, reserved 1048576K
}
Event: 36.028 GC heap before
{Heap before GC invocations=30 (full 6):
 PSYoungGen      total 248832K, used 44029K [0x00000000eab00000, 0x0000000100000000, 0x0000000100000000)
  eden space 204800K, 0% used [0x00000000eab00000,0x00000000eab00000,0x00000000f7300000)
  from space 44032K, 99% used [0x00000000fd500000,0x00000000fffff4c0,0x0000000100000000)
  to   space 72192K, 0% used [0x00000000f7300000,0x00000000f7300000,0x00000000fb980000)
 ParOldGen       total 163328K, used 136358K [0x00000000c0000000, 0x00000000c9f80000, 0x00000000eab00000)
  object space 163328K, 83% used [0x00000000c0000000,0x00000000c8529b90,0x00000000c9f80000)
 Metaspace       used 89104K, capacity 99809K, committed 100480K, reserved 1136640K
  class space    used 12510K, capacity 13539K, committed 13696K, reserved 1048576K

