# JRE version: OpenJDK Runtime Environment (8.0_265-b01) (build 1.8.0_265-8u265-b01-0ubuntu2~16.04-b01)
# Java VM: OpenJDK 64-Bit Server VM (25.265-b01 mixed mode linux-amd64 compressed oops)
Heap:
 PSYoungGen      total 186368K, used 10875K [0x00000000eab00000, 0x00000000f6d00000, 0x0000000100000000)
  eden space 174080K, 0% used [0x00000000eab00000,0x00000000eab00000,0x00000000f5500000)
  from space 12288K, 88% used [0x00000000f5500000,0x00000000f5f9eea0,0x00000000f6100000)
  to   space 9216K, 0% used [0x00000000f6400000,0x00000000f6400000,0x00000000f6d00000)
 ParOldGen       total 210944K, used 128661K [0x00000000c0000000, 0x00000000cce00000, 0x00000000eab00000)
  object space 210944K, 60% used [0x00000000c0000000,0x00000000c7da5510,0x00000000cce00000)
 Metaspace       used 88543K, capacity 99443K, committed 99584K, reserved 1134592K
  class space    used 12464K, capacity 13527K, committed 13568K, reserved 1048576K
GC Heap History (10 events):
Event: 28.862 GC heap after
Heap after GC invocations=27 (full 3):
 PSYoungGen      total 153088K, used 6410K [0x00000000eab00000, 0x00000000f5480000, 0x0000000100000000)
  eden space 140288K, 0% used [0x00000000eab00000,0x00000000eab00000,0x00000000f3400000)
  from space 12800K, 50% used [0x00000000f4000000,0x00000000f4642a00,0x00000000f4c80000)
  to   space 12288K, 0% used [0x00000000f3400000,0x00000000f3400000,0x00000000f4000000)
 ParOldGen       total 45568K, used 23743K [0x00000000c0000000, 0x00000000c2c80000, 0x00000000eab00000)
  object space 45568K, 52% used [0x00000000c0000000,0x00000000c172fe00,0x00000000c2c80000)
 Metaspace       used 82524K, capacity 92233K, committed 92544K, reserved 1128448K
  class space    used 11600K, capacity 12581K, committed 12672K, reserved 1048576K
}
Event: 30.721 GC heap before
{Heap before GC invocations=28 (full 3):
 PSYoungGen      total 153088K, used 125393K [0x00000000eab00000, 0x00000000f5480000, 0x0000000100000000)
  eden space 140288K, 84% used [0x00000000eab00000,0x00000000f1f31a28,0x00000000f3400000)
  from space 12800K, 50% used [0x00000000f4000000,0x00000000f4642a00,0x00000000f4c80000)
  to   space 12288K, 0% used [0x00000000f3400000,0x00000000f3400000,0x00000000f4000000)
 ParOldGen       total 45568K, used 23743K [0x00000000c0000000, 0x00000000c2c80000, 0x00000000eab00000)
  object space 45568K, 52% used [0x00000000c0000000,0x00000000c172fe00,0x00000000c2c80000)
 Metaspace       used 86735K, capacity 97385K, committed 97536K, reserved 1134592K
  class space    used 12191K, capacity 13250K, committed 13312K, reserved 1048576K
Event: 31.612 GC heap after
Heap after GC invocations=28 (full 3):
 PSYoungGen      total 152576K, used 4009K [0x00000000eab00000, 0x00000000f7000000, 0x0000000100000000)
  eden space 140288K, 0% used [0x00000000eab00000,0x00000000eab00000,0x00000000f3400000)
  from space 12288K, 32% used [0x00000000f3400000,0x00000000f37ea7e0,0x00000000f4000000)
  to   space 12288K, 0% used [0x00000000f6400000,0x00000000f6400000,0x00000000f7000000)
 ParOldGen       total 130048K, used 129800K [0x00000000c0000000, 0x00000000c7f00000, 0x00000000eab00000)
  object space 130048K, 99% used [0x00000000c0000000,0x00000000c7ec2120,0x00000000c7f00000)
 Metaspace       used 86735K, capacity 97385K, committed 97536K, reserved 1134592K
  class space    used 12191K, capacity 13250K, committed 13312K, reserved 1048576K
}
Event: 31.612 GC heap before
{Heap before GC invocations=29 (full 4):
 PSYoungGen      total 152576K, used 4009K [0x00000000eab00000, 0x00000000f7000000, 0x0000000100000000)
  eden space 140288K, 0% used [0x00000000eab00000,0x00000000eab00000,0x00000000f3400000)
  from space 12288K, 32% used [0x00000000f3400000,0x00000000f37ea7e0,0x00000000f4000000)
  to   space 12288K, 0% used [0x00000000f6400000,0x00000000f6400000,0x00000000f7000000)
 ParOldGen       total 130048K, used 129800K [0x00000000c0000000, 0x00000000c7f00000, 0x00000000eab00000)
  object space 130048K, 99% used [0x00000000c0000000,0x00000000c7ec2120,0x00000000c7f00000)
 Metaspace       used 86735K, capacity 97385K, committed 97536K, reserved 1134592K
  class space    used 12191K, capacity 13250K, committed 13312K, reserved 1048576K
Event: 32.144 GC heap after
Heap after GC invocations=29 (full 4):
 PSYoungGen      total 152576K, used 0K [0x00000000eab00000, 0x00000000f7000000, 0x0000000100000000)
  eden space 140288K, 0% used [0x00000000eab00000,0x00000000eab00000,0x00000000f3400000)
  from space 12288K, 0% used [0x00000000f3400000,0x00000000f3400000,0x00000000f4000000)
  to   space 12288K, 0% used [0x00000000f6400000,0x00000000f6400000,0x00000000f7000000)
 ParOldGen       total 148480K, used 77607K [0x00000000c0000000, 0x00000000c9100000, 0x00000000eab00000)
  object space 148480K, 52% used [0x00000000c0000000,0x00000000c4bc9f18,0x00000000c9100000)
 Metaspace       used 85546K, capacity 94537K, committed 97536K, reserved 1134592K
  class space    used 11907K, capacity 12744K, committed 13312K, reserved 1048576K
}
Event: 33.067 GC heap before
{Heap before GC invocations=30 (full 4):
 PSYoungGen      total 152576K, used 140288K [0x00000000eab00000, 0x00000000f7000000, 0x0000000100000000)
  eden space 140288K, 100% used [0x00000000eab00000,0x00000000f3400000,0x00000000f3400000)
  from space 12288K, 0% used [0x00000000f3400000,0x00000000f3400000,0x00000000f4000000)
  to   space 12288K, 0% used [0x00000000f6400000,0x00000000f6400000,0x00000000f7000000)
 ParOldGen       total 148480K, used 77607K [0x00000000c0000000, 0x00000000c9100000, 0x00000000eab00000)
  object space 148480K, 52% used [0x00000000c0000000,0x00000000c4bc9f18,0x00000000c9100000)
 Metaspace       used 85808K, capacity 94903K, committed 97536K, reserved 1134592K
  class space    used 11975K, capacity 12853K, committed 13312K, reserved 1048576K
Event: 33.256 GC heap after
Heap after GC invocations=30 (full 4):
 PSYoungGen      total 183296K, used 401K [0x00000000eab00000, 0x00000000f6d00000, 0x0000000100000000)
  eden space 174080K, 0% used [0x00000000eab00000,0x00000000eab00000,0x00000000f5500000)
  from space 9216K, 4% used [0x00000000f6400000,0x00000000f64646e0,0x00000000f6d00000)
  to   space 12288K, 0% used [0x00000000f5500000,0x00000000f5500000,0x00000000f6100000)
 ParOldGen       total 162816K, used 161524K [0x00000000c0000000, 0x00000000c9f00000, 0x00000000eab00000)
  object space 162816K, 99% used [0x00000000c0000000,0x00000000c9dbd0d8,0x00000000c9f00000)
 Metaspace       used 85808K, capacity 94903K, committed 97536K, reserved 1134592K
  class space    used 11975K, capacity 12853K, committed 13312K, reserved 1048576K
}
Event: 33.256 GC heap before
{Heap before GC invocations=31 (full 5):
 PSYoungGen      total 183296K, used 401K [0x00000000eab00000, 0x00000000f6d00000, 0x0000000100000000)
  eden space 174080K, 0% used [0x00000000eab00000,0x00000000eab00000,0x00000000f5500000)
  from space 9216K, 4% used [0x00000000f6400000,0x00000000f64646e0,0x00000000f6d00000)
  to   space 12288K, 0% used [0x00000000f5500000,0x00000000f5500000,0x00000000f6100000)
 ParOldGen       total 162816K, used 161524K [0x00000000c0000000, 0x00000000c9f00000, 0x00000000eab00000)
  object space 162816K, 99% used [0x00000000c0000000,0x00000000c9dbd0d8,0x00000000c9f00000)
 Metaspace       used 85808K, capacity 94903K, committed 97536K, reserved 1134592K
  class space    used 11975K, capacity 12853K, committed 13312K, reserved 1048576K
Event: 33.364 GC heap after
Heap after GC invocations=31 (full 5):
 PSYoungGen      total 183296K, used 0K [0x00000000eab00000, 0x00000000f6d00000, 0x0000000100000000)
  eden space 174080K, 0% used [0x00000000eab00000,0x00000000eab00000,0x00000000f5500000)
  from space 9216K, 0% used [0x00000000f6400000,0x00000000f6400000,0x00000000f6d00000)
  to   space 12288K, 0% used [0x00000000f5500000,0x00000000f5500000,0x00000000f6100000)
 ParOldGen       total 210944K, used 112316K [0x00000000c0000000, 0x00000000cce00000, 0x00000000eab00000)
  object space 210944K, 53% used [0x00000000c0000000,0x00000000c6daf390,0x00000000cce00000)
 Metaspace       used 85776K, capacity 94833K, committed 97536K, reserved 1134592K
  class space    used 11964K, capacity 12838K, committed 13312K, reserved 1048576K
}
Event: 37.680 GC heap before
{Heap before GC invocations=32 (full 5):
 PSYoungGen      total 183296K, used 174080K [0x00000000eab00000, 0x00000000f6d00000, 0x0000000100000000)
  eden space 174080K, 100% used [0x00000000eab00000,0x00000000f5500000,0x00000000f5500000)
  from space 9216K, 0% used [0x00000000f6400000,0x00000000f6400000,0x00000000f6d00000)
  to   space 12288K, 0% used [0x00000000f5500000,0x00000000f5500000,0x00000000f6100000)
 ParOldGen       total 210944K, used 112316K [0x00000000c0000000, 0x00000000cce00000, 0x00000000eab00000)
  object space 210944K, 53% used [0x00000000c0000000,0x00000000c6daf390,0x00000000cce00000)
 Metaspace       used 88543K, capacity 99443K, committed 99584K, reserved 1134592K
  class space    used 12464K, capacity 13527K, committed 13568K, reserved 1048576K

