# JRE version: OpenJDK Runtime Environment (8.0_265-b01) (build 1.8.0_265-8u265-b01-0ubuntu2~16.04-b01)
# Java VM: OpenJDK 64-Bit Server VM (25.265-b01 mixed mode linux-amd64 compressed oops)
Heap:
 PSYoungGen      total 214528K, used 0K [0x00000000eab00000, 0x0000000100000000, 0x0000000100000000)
  eden space 176128K, 0% used [0x00000000eab00000,0x00000000eab00000,0x00000000f5700000)
  from space 38400K, 0% used [0x00000000fda80000,0x00000000fda80000,0x0000000100000000)
  to   space 86528K, 0% used [0x00000000f5700000,0x00000000f5700000,0x00000000fab80000)
 ParOldGen       total 194048K, used 181139K [0x00000000c0000000, 0x00000000cbd80000, 0x00000000eab00000)
  object space 194048K, 93% used [0x00000000c0000000,0x00000000cb0e4f58,0x00000000cbd80000)
 Metaspace       used 89017K, capacity 99681K, committed 100096K, reserved 1136640K
  class space    used 12491K, capacity 13518K, committed 13568K, reserved 1048576K
GC Heap History (10 events):
Event: 29.707 GC heap after
Heap after GC invocations=25 (full 4):
 PSYoungGen      total 273920K, used 11744K [0x00000000eab00000, 0x0000000100000000, 0x0000000100000000)
  eden space 262144K, 0% used [0x00000000eab00000,0x00000000eab00000,0x00000000fab00000)
  from space 11776K, 99% used [0x00000000fab00000,0x00000000fb678030,0x00000000fb680000)
  to   space 38400K, 0% used [0x00000000fda80000,0x00000000fda80000,0x0000000100000000)
 ParOldGen       total 203776K, used 181858K [0x00000000c0000000, 0x00000000cc700000, 0x00000000eab00000)
  object space 203776K, 89% used [0x00000000c0000000,0x00000000cb1989d0,0x00000000cc700000)
 Metaspace       used 88403K, capacity 99187K, committed 99328K, reserved 1134592K
  class space    used 12447K, capacity 13487K, committed 13568K, reserved 1048576K
}
Event: 29.707 GC heap before
{Heap before GC invocations=26 (full 5):
 PSYoungGen      total 273920K, used 11744K [0x00000000eab00000, 0x0000000100000000, 0x0000000100000000)
  eden space 262144K, 0% used [0x00000000eab00000,0x00000000eab00000,0x00000000fab00000)
  from space 11776K, 99% used [0x00000000fab00000,0x00000000fb678030,0x00000000fb680000)
  to   space 38400K, 0% used [0x00000000fda80000,0x00000000fda80000,0x0000000100000000)
 ParOldGen       total 203776K, used 181858K [0x00000000c0000000, 0x00000000cc700000, 0x00000000eab00000)
  object space 203776K, 89% used [0x00000000c0000000,0x00000000cb1989d0,0x00000000cc700000)
 Metaspace       used 88403K, capacity 99187K, committed 99328K, reserved 1134592K
  class space    used 12447K, capacity 13487K, committed 13568K, reserved 1048576K
Event: 30.183 GC heap after
Heap after GC invocations=26 (full 5):
 PSYoungGen      total 273920K, used 0K [0x00000000eab00000, 0x0000000100000000, 0x0000000100000000)
  eden space 262144K, 0% used [0x00000000eab00000,0x00000000eab00000,0x00000000fab00000)
  from space 11776K, 0% used [0x00000000fab00000,0x00000000fab00000,0x00000000fb680000)
  to   space 38400K, 0% used [0x00000000fda80000,0x00000000fda80000,0x0000000100000000)
 ParOldGen       total 192000K, used 88124K [0x00000000c0000000, 0x00000000cbb80000, 0x00000000eab00000)
  object space 192000K, 45% used [0x00000000c0000000,0x00000000c560f2d0,0x00000000cbb80000)
 Metaspace       used 88024K, capacity 98275K, committed 99328K, reserved 1134592K
  class space    used 12345K, capacity 13322K, committed 13568K, reserved 1048576K
}
Event: 31.111 GC heap before
{Heap before GC invocations=27 (full 5):
 PSYoungGen      total 273920K, used 262144K [0x00000000eab00000, 0x0000000100000000, 0x0000000100000000)
  eden space 262144K, 100% used [0x00000000eab00000,0x00000000fab00000,0x00000000fab00000)
  from space 11776K, 0% used [0x00000000fab00000,0x00000000fab00000,0x00000000fb680000)
  to   space 38400K, 0% used [0x00000000fda80000,0x00000000fda80000,0x0000000100000000)
 ParOldGen       total 192000K, used 88124K [0x00000000c0000000, 0x00000000cbb80000, 0x00000000eab00000)
  object space 192000K, 45% used [0x00000000c0000000,0x00000000c560f2d0,0x00000000cbb80000)
 Metaspace       used 88748K, capacity 99189K, committed 99840K, reserved 1136640K
  class space    used 12446K, capacity 13446K, committed 13568K, reserved 1048576K
Event: 31.139 GC heap after
Heap after GC invocations=27 (full 5):
 PSYoungGen      total 311808K, used 17119K [0x00000000eab00000, 0x0000000100000000, 0x0000000100000000)
  eden space 273408K, 0% used [0x00000000eab00000,0x00000000eab00000,0x00000000fb600000)
  from space 38400K, 44% used [0x00000000fda80000,0x00000000feb37f50,0x0000000100000000)
  to   space 37376K, 0% used [0x00000000fb600000,0x00000000fb600000,0x00000000fda80000)
 ParOldGen       total 192000K, used 88132K [0x00000000c0000000, 0x00000000cbb80000, 0x00000000eab00000)
  object space 192000K, 45% used [0x00000000c0000000,0x00000000c56112d0,0x00000000cbb80000)
 Metaspace       used 88748K, capacity 99189K, committed 99840K, reserved 1136640K
  class space    used 12446K, capacity 13446K, committed 13568K, reserved 1048576K
}
Event: 32.058 GC heap before
{Heap before GC invocations=28 (full 5):
 PSYoungGen      total 311808K, used 290527K [0x00000000eab00000, 0x0000000100000000, 0x0000000100000000)
  eden space 273408K, 100% used [0x00000000eab00000,0x00000000fb600000,0x00000000fb600000)
  from space 38400K, 44% used [0x00000000fda80000,0x00000000feb37f50,0x0000000100000000)
  to   space 37376K, 0% used [0x00000000fb600000,0x00000000fb600000,0x00000000fda80000)
 ParOldGen       total 192000K, used 88132K [0x00000000c0000000, 0x00000000cbb80000, 0x00000000eab00000)
  object space 192000K, 45% used [0x00000000c0000000,0x00000000c56112d0,0x00000000cbb80000)
 Metaspace       used 88919K, capacity 99481K, committed 99840K, reserved 1136640K
  class space    used 12484K, capacity 13506K, committed 13568K, reserved 1048576K
Event: 32.113 GC heap after
Heap after GC invocations=28 (full 5):
 PSYoungGen      total 310784K, used 37365K [0x00000000eab00000, 0x0000000100000000, 0x0000000100000000)
  eden space 273408K, 0% used [0x00000000eab00000,0x00000000eab00000,0x00000000fb600000)
  from space 37376K, 99% used [0x00000000fb600000,0x00000000fda7d6e8,0x00000000fda80000)
  to   space 38400K, 0% used [0x00000000fda80000,0x00000000fda80000,0x0000000100000000)
 ParOldGen       total 192000K, used 117965K [0x00000000c0000000, 0x00000000cbb80000, 0x00000000eab00000)
  object space 192000K, 61% used [0x00000000c0000000,0x00000000c7333620,0x00000000cbb80000)
 Metaspace       used 88919K, capacity 99481K, committed 99840K, reserved 1136640K
  class space    used 12484K, capacity 13506K, committed 13568K, reserved 1048576K
}
Event: 32.496 GC heap before
{Heap before GC invocations=29 (full 5):
 PSYoungGen      total 310784K, used 310773K [0x00000000eab00000, 0x0000000100000000, 0x0000000100000000)
  eden space 273408K, 100% used [0x00000000eab00000,0x00000000fb600000,0x00000000fb600000)
  from space 37376K, 99% used [0x00000000fb600000,0x00000000fda7d6e8,0x00000000fda80000)
  to   space 38400K, 0% used [0x00000000fda80000,0x00000000fda80000,0x0000000100000000)
 ParOldGen       total 192000K, used 117965K [0x00000000c0000000, 0x00000000cbb80000, 0x00000000eab00000)
  object space 192000K, 61% used [0x00000000c0000000,0x00000000c7333620,0x00000000cbb80000)
 Metaspace       used 89017K, capacity 99681K, committed 100096K, reserved 1136640K
  class space    used 12491K, capacity 13518K, committed 13568K, reserved 1048576K
Event: 32.588 GC heap after
Heap after GC invocations=29 (full 5):
 PSYoungGen      total 214528K, used 38381K [0x00000000eab00000, 0x0000000100000000, 0x0000000100000000)
  eden space 176128K, 0% used [0x00000000eab00000,0x00000000eab00000,0x00000000f5700000)
  from space 38400K, 99% used [0x00000000fda80000,0x00000000ffffb570,0x0000000100000000)
  to   space 86528K, 0% used [0x00000000f5700000,0x00000000f5700000,0x00000000fab80000)
 ParOldGen       total 194048K, used 192980K [0x00000000c0000000, 0x00000000cbd80000, 0x00000000eab00000)
  object space 194048K, 99% used [0x00000000c0000000,0x00000000cbc75210,0x00000000cbd80000)
 Metaspace       used 89017K, capacity 99681K, committed 100096K, reserved 1136640K
  class space    used 12491K, capacity 13518K, committed 13568K, reserved 1048576K
}
Event: 32.588 GC heap before
{Heap before GC invocations=30 (full 6):
 PSYoungGen      total 214528K, used 38381K [0x00000000eab00000, 0x0000000100000000, 0x0000000100000000)
  eden space 176128K, 0% used [0x00000000eab00000,0x00000000eab00000,0x00000000f5700000)
  from space 38400K, 99% used [0x00000000fda80000,0x00000000ffffb570,0x0000000100000000)
  to   space 86528K, 0% used [0x00000000f5700000,0x00000000f5700000,0x00000000fab80000)
 ParOldGen       total 194048K, used 192980K [0x00000000c0000000, 0x00000000cbd80000, 0x00000000eab00000)
  object space 194048K, 99% used [0x00000000c0000000,0x00000000cbc75210,0x00000000cbd80000)
 Metaspace       used 89017K, capacity 99681K, committed 100096K, reserved 1136640K
  class space    used 12491K, capacity 13518K, committed 13568K, reserved 1048576K

