# JRE version: OpenJDK Runtime Environment (8.0_265-b01) (build 1.8.0_265-8u265-b01-0ubuntu2~16.04-b01)
# Java VM: OpenJDK 64-Bit Server VM (25.265-b01 mixed mode linux-amd64 compressed oops)
Heap:
 PSYoungGen      total 174080K, used 20463K [0x00000000eab00000, 0x00000000f7280000, 0x0000000100000000)
  eden space 153600K, 0% used [0x00000000eab00000,0x00000000eab00000,0x00000000f4100000)
  from space 20480K, 99% used [0x00000000f4100000,0x00000000f54fbda0,0x00000000f5500000)
  to   space 11264K, 0% used [0x00000000f5500000,0x00000000f5500000,0x00000000f6000000)
 ParOldGen       total 208896K, used 167081K [0x00000000c0000000, 0x00000000ccc00000, 0x00000000eab00000)
  object space 208896K, 79% used [0x00000000c0000000,0x00000000ca32a4c8,0x00000000ccc00000)
 Metaspace       used 89033K, capacity 100077K, committed 100224K, reserved 1136640K
  class space    used 12524K, capacity 13607K, committed 13696K, reserved 1048576K
GC Heap History (10 events):
Event: 33.482 GC heap after
Heap after GC invocations=34 (full 3):
 PSYoungGen      total 122880K, used 433K [0x00000000eab00000, 0x00000000f4d80000, 0x0000000100000000)
  eden space 111616K, 0% used [0x00000000eab00000,0x00000000eab00000,0x00000000f1800000)
  from space 11264K, 3% used [0x00000000f1800000,0x00000000f186c6e0,0x00000000f2300000)
  to   space 11264K, 0% used [0x00000000f4280000,0x00000000f4280000,0x00000000f4d80000)
 ParOldGen       total 189440K, used 184659K [0x00000000c0000000, 0x00000000cb900000, 0x00000000eab00000)
  object space 189440K, 97% used [0x00000000c0000000,0x00000000cb454d80,0x00000000cb900000)
 Metaspace       used 87170K, capacity 98033K, committed 98176K, reserved 1134592K
  class space    used 12255K, capacity 13353K, committed 13440K, reserved 1048576K
}
Event: 35.155 GC heap before
{Heap before GC invocations=35 (full 4):
 PSYoungGen      total 122880K, used 433K [0x00000000eab00000, 0x00000000f4d80000, 0x0000000100000000)
  eden space 111616K, 0% used [0x00000000eab00000,0x00000000eab00000,0x00000000f1800000)
  from space 11264K, 3% used [0x00000000f1800000,0x00000000f186c6e0,0x00000000f2300000)
  to   space 11264K, 0% used [0x00000000f4280000,0x00000000f4280000,0x00000000f4d80000)
 ParOldGen       total 189440K, used 184659K [0x00000000c0000000, 0x00000000cb900000, 0x00000000eab00000)
  object space 189440K, 97% used [0x00000000c0000000,0x00000000cb454d80,0x00000000cb900000)
 Metaspace       used 87170K, capacity 98033K, committed 98176K, reserved 1134592K
  class space    used 12255K, capacity 13353K, committed 13440K, reserved 1048576K
Event: 37.756 GC heap after
Heap after GC invocations=35 (full 4):
 PSYoungGen      total 122880K, used 0K [0x00000000eab00000, 0x00000000f4d80000, 0x0000000100000000)
  eden space 111616K, 0% used [0x00000000eab00000,0x00000000eab00000,0x00000000f1800000)
  from space 11264K, 0% used [0x00000000f1800000,0x00000000f1800000,0x00000000f2300000)
  to   space 11264K, 0% used [0x00000000f4280000,0x00000000f4280000,0x00000000f4d80000)
 ParOldGen       total 208896K, used 115019K [0x00000000c0000000, 0x00000000ccc00000, 0x00000000eab00000)
  object space 208896K, 55% used [0x00000000c0000000,0x00000000c7052de8,0x00000000ccc00000)
 Metaspace       used 85918K, capacity 95009K, committed 98176K, reserved 1134592K
  class space    used 11945K, capacity 12813K, committed 13440K, reserved 1048576K
}
Event: 39.343 GC heap before
{Heap before GC invocations=36 (full 4):
 PSYoungGen      total 122880K, used 111616K [0x00000000eab00000, 0x00000000f4d80000, 0x0000000100000000)
  eden space 111616K, 100% used [0x00000000eab00000,0x00000000f1800000,0x00000000f1800000)
  from space 11264K, 0% used [0x00000000f1800000,0x00000000f1800000,0x00000000f2300000)
  to   space 11264K, 0% used [0x00000000f4280000,0x00000000f4280000,0x00000000f4d80000)
 ParOldGen       total 208896K, used 115019K [0x00000000c0000000, 0x00000000ccc00000, 0x00000000eab00000)
  object space 208896K, 55% used [0x00000000c0000000,0x00000000c7052de8,0x00000000ccc00000)
 Metaspace       used 85977K, capacity 95107K, committed 98176K, reserved 1134592K
  class space    used 11964K, capacity 12839K, committed 13440K, reserved 1048576K
Event: 39.346 GC heap after
Heap after GC invocations=36 (full 4):
 PSYoungGen      total 142848K, used 128K [0x00000000eab00000, 0x00000000f4780000, 0x0000000100000000)
  eden space 137728K, 0% used [0x00000000eab00000,0x00000000eab00000,0x00000000f3180000)
  from space 5120K, 2% used [0x00000000f4280000,0x00000000f42a0000,0x00000000f4780000)
  to   space 11264K, 0% used [0x00000000f3180000,0x00000000f3180000,0x00000000f3c80000)
 ParOldGen       total 208896K, used 115019K [0x00000000c0000000, 0x00000000ccc00000, 0x00000000eab00000)
  object space 208896K, 55% used [0x00000000c0000000,0x00000000c7052de8,0x00000000ccc00000)
 Metaspace       used 85977K, capacity 95107K, committed 98176K, reserved 1134592K
  class space    used 11964K, capacity 12839K, committed 13440K, reserved 1048576K
}
Event: 42.616 GC heap before
{Heap before GC invocations=37 (full 4):
 PSYoungGen      total 142848K, used 137856K [0x00000000eab00000, 0x00000000f4780000, 0x0000000100000000)
  eden space 137728K, 100% used [0x00000000eab00000,0x00000000f3180000,0x00000000f3180000)
  from space 5120K, 2% used [0x00000000f4280000,0x00000000f42a0000,0x00000000f4780000)
  to   space 11264K, 0% used [0x00000000f3180000,0x00000000f3180000,0x00000000f3c80000)
 ParOldGen       total 208896K, used 115019K [0x00000000c0000000, 0x00000000ccc00000, 0x00000000eab00000)
  object space 208896K, 55% used [0x00000000c0000000,0x00000000c7052de8,0x00000000ccc00000)
 Metaspace       used 88583K, capacity 99601K, committed 99840K, reserved 1136640K
  class space    used 12478K, capacity 13554K, committed 13568K, reserved 1048576K
Event: 42.647 GC heap after
Heap after GC invocations=37 (full 4):
 PSYoungGen      total 148992K, used 5197K [0x00000000eab00000, 0x00000000f6000000, 0x0000000100000000)
  eden space 137728K, 0% used [0x00000000eab00000,0x00000000eab00000,0x00000000f3180000)
  from space 11264K, 46% used [0x00000000f3180000,0x00000000f3693708,0x00000000f3c80000)
  to   space 11264K, 0% used [0x00000000f5500000,0x00000000f5500000,0x00000000f6000000)
 ParOldGen       total 208896K, used 131419K [0x00000000c0000000, 0x00000000ccc00000, 0x00000000eab00000)
  object space 208896K, 62% used [0x00000000c0000000,0x00000000c8056f68,0x00000000ccc00000)
 Metaspace       used 88583K, capacity 99601K, committed 99840K, reserved 1136640K
  class space    used 12478K, capacity 13554K, committed 13568K, reserved 1048576K
}
Event: 43.003 GC heap before
{Heap before GC invocations=38 (full 4):
 PSYoungGen      total 148992K, used 142925K [0x00000000eab00000, 0x00000000f6000000, 0x0000000100000000)
  eden space 137728K, 100% used [0x00000000eab00000,0x00000000f3180000,0x00000000f3180000)
  from space 11264K, 46% used [0x00000000f3180000,0x00000000f3693708,0x00000000f3c80000)
  to   space 11264K, 0% used [0x00000000f5500000,0x00000000f5500000,0x00000000f6000000)
 ParOldGen       total 208896K, used 131419K [0x00000000c0000000, 0x00000000ccc00000, 0x00000000eab00000)
  object space 208896K, 62% used [0x00000000c0000000,0x00000000c8056f68,0x00000000ccc00000)
 Metaspace       used 88588K, capacity 99601K, committed 99840K, reserved 1136640K
  class space    used 12478K, capacity 13554K, committed 13568K, reserved 1048576K
Event: 43.072 GC heap after
Heap after GC invocations=38 (full 4):
 PSYoungGen      total 164864K, used 11232K [0x00000000eab00000, 0x00000000f7280000, 0x0000000100000000)
  eden space 153600K, 0% used [0x00000000eab00000,0x00000000eab00000,0x00000000f4100000)
  from space 11264K, 99% used [0x00000000f5500000,0x00000000f5ff8010,0x00000000f6000000)
  to   space 20480K, 0% used [0x00000000f4100000,0x00000000f4100000,0x00000000f5500000)
 ParOldGen       total 208896K, used 152333K [0x00000000c0000000, 0x00000000ccc00000, 0x00000000eab00000)
  object space 208896K, 72% used [0x00000000c0000000,0x00000000c94c3558,0x00000000ccc00000)
 Metaspace       used 88588K, capacity 99601K, committed 99840K, reserved 1136640K
  class space    used 12478K, capacity 13554K, committed 13568K, reserved 1048576K
}
Event: 43.690 GC heap before
{Heap before GC invocations=39 (full 4):
 PSYoungGen      total 164864K, used 164832K [0x00000000eab00000, 0x00000000f7280000, 0x0000000100000000)
  eden space 153600K, 100% used [0x00000000eab00000,0x00000000f4100000,0x00000000f4100000)
  from space 11264K, 99% used [0x00000000f5500000,0x00000000f5ff8010,0x00000000f6000000)
  to   space 20480K, 0% used [0x00000000f4100000,0x00000000f4100000,0x00000000f5500000)
 ParOldGen       total 208896K, used 152333K [0x00000000c0000000, 0x00000000ccc00000, 0x00000000eab00000)
  object space 208896K, 72% used [0x00000000c0000000,0x00000000c94c3558,0x00000000ccc00000)
 Metaspace       used 89033K, capacity 100077K, committed 100224K, reserved 1136640K
  class space    used 12524K, capacity 13607K, committed 13696K, reserved 1048576K

